<?xml version="1.0" encoding="UTF-8"?>
<!-- Generated by org.testng.reporters.JUnitXMLReporter -->
<testsuite ignored="6" hostname="192.168.1.81" failures="2" tests="3" name="Command line test" time="5.306" errors="0" timestamp="21 Sep 2022 19:16:39 GMT">
  <testcase classname="tests.ProductIsRemovedTest" name="productIsRemoved" time="5.289"/>
  <testcase classname="tests.CartPageDisplayedTest" name="testingCartPageDisplayed" time="0.001">
    <failure type="java.lang.NullPointerException" message="Cannot invoke &amp;quot;org.openqa.selenium.WebDriver.findElement(org.openqa.selenium.By)&amp;quot; because &amp;quot;this.driver&amp;quot; is null">
      <![CDATA[java.lang.NullPointerException: Cannot invoke "org.openqa.selenium.WebDriver.findElement(org.openqa.selenium.By)" because "this.driver" is null
at pages.HomePage.clickOnProducts(HomePage.java:18)
at tests.CartPageDisplayedTest.testingCartPageDisplayed(CartPageDisplayedTest.java:19)
... Removed 31 stack frames]]>
    </failure>
  </testcase> <!-- testingCartPageDisplayed -->
  <testcase classname="tests.HomePageVisibleTest" name="isHomePageVisible" time="0.0">
    <failure type="java.lang.NullPointerException" message="Cannot invoke &amp;quot;org.openqa.selenium.WebDriver.getTitle()&amp;quot; because &amp;quot;this.driver&amp;quot; is null">
      <![CDATA[java.lang.NullPointerException: Cannot invoke "org.openqa.selenium.WebDriver.getTitle()" because "this.driver" is null
at pages.HomePage.getHomePageName(HomePage.java:13)
at tests.HomePageVisibleTest.isHomePageVisible(HomePageVisibleTest.java:17)
... Removed 31 stack frames]]>
    </failure>
  </testcase> <!-- isHomePageVisible -->
  <testcase classname="tests.BaseTest" name="@AfterSuite teardown" time="0.0">
    <ignored/>
  </testcase> <!-- @AfterSuite teardown -->
  <testcase classname="tests.BaseTest" name="@AfterSuite teardown" time="0.0">
    <ignored/>
  </testcase> <!-- @AfterSuite teardown -->
  <testcase classname="tests.BaseTest" name="@AfterSuite teardown" time="0.0">
    <ignored/>
  </testcase> <!-- @AfterSuite teardown -->
  <testcase classname="tests.BaseTest" name="@BeforeSuite setup" time="0.0">
    <ignored/>
  </testcase> <!-- @BeforeSuite setup -->
  <testcase classname="tests.BaseTest" name="@BeforeSuite setup" time="0.0">
    <ignored/>
  </testcase> <!-- @BeforeSuite setup -->
  <testcase classname="tests.BaseTest" name="@BeforeSuite setup" time="0.0">
    <ignored/>
  </testcase> <!-- @BeforeSuite setup -->
</testsuite> <!-- Command line test -->
